<?xml version="1.0" encoding="UTF-8"?>
<!-- Generated by org.testng.reporters.JUnitXMLReporter -->
<testsuite hostname="Miki" name="Command line test e64cc29a-c08e-4353-a532-144c1f9ec33c" tests="6" failures="0" timestamp="26 Nov 2014 06:27:37 GMT" time="0.078" errors="0">
  <testcase name="closeSuccessTest" time="0.015" classname="com.zpi.plagiarism_detector.client.model.io.ClientReaderTest"/>
  <testcase name="close_IOExceptionSuccessTest" time="0.016" classname="com.zpi.plagiarism_detector.client.model.io.ClientReaderTest"/>
  <testcase name="receiveMessages_ClassNotFoundExceptionThrownTest" time="0.0" classname="com.zpi.plagiarism_detector.client.model.io.ClientReaderTest"/>
  <testcase name="receiveMessages_IOExceptionThrownTest" time="0.0" classname="com.zpi.plagiarism_detector.client.model.io.ClientReaderTest"/>
  <testcase name="receiveMessages_OneMessageReceivedSuccessTest" time="0.016" classname="com.zpi.plagiarism_detector.client.model.io.ClientReaderTest"/>
  <testcase name="receiveMessages_ZeroMessagesReceivedSuccessTest" time="0.0" classname="com.zpi.plagiarism_detector.client.model.io.ClientReaderTest"/>
</testsuite> <!-- Command line test e64cc29a-c08e-4353-a532-144c1f9ec33c -->
