<?xml version="1.0" encoding="UTF-8"?>
<!-- Generated by org.testng.reporters.JUnitXMLReporter -->
<testsuite hostname="Miki" name="Command line test 56e6df3a-a84c-4fc3-a586-03864c7408da" tests="3" failures="0" timestamp="26 Nov 2014 06:26:45 GMT" time="0.047" errors="0">
  <testcase name="toString_NonNullParams" time="0.016" classname="com.zpi.plagiarism_detector.commons.protocol.MessageTest"/>
  <testcase name="toString_NullCodeParam" time="0.0" classname="com.zpi.plagiarism_detector.commons.protocol.MessageTest"/>
  <testcase name="toString_NullSentObjectParam" time="0.0" classname="com.zpi.plagiarism_detector.commons.protocol.MessageTest"/>
</testsuite> <!-- Command line test 56e6df3a-a84c-4fc3-a586-03864c7408da -->
