<?xml version="1.0" encoding="UTF-8"?>
<!-- Generated by org.testng.reporters.JUnitXMLReporter -->
<testsuite hostname="Miki" name="Command line test 781f15d2-8746-4985-85d1-a803eba72a09" tests="6" failures="0" timestamp="26 Nov 2014 06:26:57 GMT" time="0.098" errors="0">
  <testcase name="getCommonKeywordDocuments_NonEmptyKeywordSet" time="0.0" classname="com.zpi.plagiarism_detector.server.data.ServerDataTest"/>
  <testcase name="saveDocument_NonNullDocWithoutCodesSuccessTest" time="0.02" classname="com.zpi.plagiarism_detector.server.data.ServerDataTest"/>
  <testcase name="saveDocument_articleWithNameThatExists_AddPostfixSuccessTest" time="0.002" classname="com.zpi.plagiarism_detector.server.data.ServerDataTest"/>
  <testcase name="saveDocument_nullArgExceptionTest" time="0.001" classname="com.zpi.plagiarism_detector.server.data.ServerDataTest"/>
  <testcase name="saveDocument_withDocumentAndCodesSuccessTest" time="0.002" classname="com.zpi.plagiarism_detector.server.data.ServerDataTest"/>
  <testcase name="saveDocument_withNullArticleAndCodesSuccessTest" time="0.0" classname="com.zpi.plagiarism_detector.server.data.ServerDataTest"/>
</testsuite> <!-- Command line test 781f15d2-8746-4985-85d1-a803eba72a09 -->
