<?xml version="1.0" encoding="UTF-8"?>
<testng-results skipped="0" failed="0" total="16" passed="16">
  <reporter-output>
  </reporter-output>
  <suite name="com.zpi.plagiarism_detector.commons.protocol.MessageTest" duration-ms="47" started-at="2014-11-26T06:26:45Z" finished-at="2014-11-26T06:26:45Z">
    <groups>
    </groups>
    <test name="Command line test 56e6df3a-a84c-4fc3-a586-03864c7408da" duration-ms="47" started-at="2014-11-26T06:26:45Z" finished-at="2014-11-26T06:26:45Z">
      <class name="com.zpi.plagiarism_detector.commons.protocol.MessageTest">
        <test-method status="PASS" signature="toString_NonNullParams()[pri:0, instance:com.zpi.plagiarism_detector.commons.protocol.MessageTest@47fd17e3]" name="toString_NonNullParams" duration-ms="16" started-at="2014-11-26T07:26:45Z" finished-at="2014-11-26T07:26:45Z">
          <reporter-output>
          </reporter-output>
        </test-method> <!-- toString_NonNullParams -->
        <test-method status="PASS" signature="toString_NullCodeParam()[pri:0, instance:com.zpi.plagiarism_detector.commons.protocol.MessageTest@47fd17e3]" name="toString_NullCodeParam" duration-ms="0" started-at="2014-11-26T07:26:45Z" finished-at="2014-11-26T07:26:45Z">
          <reporter-output>
          </reporter-output>
        </test-method> <!-- toString_NullCodeParam -->
        <test-method status="PASS" signature="toString_NullSentObjectParam()[pri:0, instance:com.zpi.plagiarism_detector.commons.protocol.MessageTest@47fd17e3]" name="toString_NullSentObjectParam" duration-ms="0" started-at="2014-11-26T07:26:45Z" finished-at="2014-11-26T07:26:45Z">
          <reporter-output>
          </reporter-output>
        </test-method> <!-- toString_NullSentObjectParam -->
      </class> <!-- com.zpi.plagiarism_detector.commons.protocol.MessageTest -->
    </test> <!-- Command line test 56e6df3a-a84c-4fc3-a586-03864c7408da -->
  </suite> <!-- com.zpi.plagiarism_detector.commons.protocol.MessageTest -->
  <suite name="com.zpi.plagiarism_detector.commons.util.ObservableTest" duration-ms="141" started-at="2014-11-26T06:26:45Z" finished-at="2014-11-26T06:26:45Z">
    <groups>
    </groups>
    <test name="Command line test 4e215ffa-32a3-4685-92ff-531ea859fe70" duration-ms="141" started-at="2014-11-26T06:26:45Z" finished-at="2014-11-26T06:26:45Z">
      <class name="com.zpi.plagiarism_detector.commons.util.ObservableTest">
        <test-method status="PASS" signature="init()[pri:0, instance:com.zpi.plagiarism_detector.commons.util.ObservableTest@5ba23b66]" name="init" is-config="true" duration-ms="125" started-at="2014-11-26T07:26:45Z" finished-at="2014-11-26T07:26:45Z">
          <reporter-output>
          </reporter-output>
        </test-method> <!-- init -->
        <test-method status="PASS" signature="notifyObservers_NotifyObserverTriggersUpdateWithNullParameter()[pri:0, instance:com.zpi.plagiarism_detector.commons.util.ObservableTest@5ba23b66]" name="notifyObservers_NotifyObserverTriggersUpdateWithNullParameter" duration-ms="16" started-at="2014-11-26T07:26:45Z" finished-at="2014-11-26T07:26:45Z">
          <reporter-output>
          </reporter-output>
        </test-method> <!-- notifyObservers_NotifyObserverTriggersUpdateWithNullParameter -->
        <test-method status="PASS" signature="init()[pri:0, instance:com.zpi.plagiarism_detector.commons.util.ObservableTest@5ba23b66]" name="init" is-config="true" duration-ms="0" started-at="2014-11-26T07:26:45Z" finished-at="2014-11-26T07:26:45Z">
          <reporter-output>
          </reporter-output>
        </test-method> <!-- init -->
        <test-method status="PASS" signature="init()[pri:0, instance:com.zpi.plagiarism_detector.commons.util.ObservableTest@5ba23b66]" name="init" is-config="true" duration-ms="0" started-at="2014-11-26T07:26:45Z" finished-at="2014-11-26T07:26:45Z">
          <reporter-output>
          </reporter-output>
        </test-method> <!-- init -->
        <test-method status="PASS" signature="notifyObservers_NotifyObserverTriggersUpdateWithParameter()[pri:0, instance:com.zpi.plagiarism_detector.commons.util.ObservableTest@5ba23b66]" name="notifyObservers_NotifyObserverTriggersUpdateWithParameter" duration-ms="0" started-at="2014-11-26T07:26:45Z" finished-at="2014-11-26T07:26:45Z">
          <reporter-output>
          </reporter-output>
        </test-method> <!-- notifyObservers_NotifyObserverTriggersUpdateWithParameter -->
        <test-method status="PASS" signature="notifyObservers_NotifyObserverTriggersUpdateWithoutParameter()[pri:0, instance:com.zpi.plagiarism_detector.commons.util.ObservableTest@5ba23b66]" name="notifyObservers_NotifyObserverTriggersUpdateWithoutParameter" duration-ms="0" started-at="2014-11-26T07:26:45Z" finished-at="2014-11-26T07:26:45Z">
          <reporter-output>
          </reporter-output>
        </test-method> <!-- notifyObservers_NotifyObserverTriggersUpdateWithoutParameter -->
      </class> <!-- com.zpi.plagiarism_detector.commons.util.ObservableTest -->
    </test> <!-- Command line test 4e215ffa-32a3-4685-92ff-531ea859fe70 -->
  </suite> <!-- com.zpi.plagiarism_detector.commons.util.ObservableTest -->
  <suite name="com.zpi.plagiarism_detector.commons.util.TestUtilsTest" duration-ms="0" started-at="2014-11-26T06:26:45Z" finished-at="2014-11-26T06:26:45Z">
    <groups>
    </groups>
    <test name="Command line test 61560078-48eb-40f8-91d0-4eedabc0c329" duration-ms="0" started-at="2014-11-26T06:26:45Z" finished-at="2014-11-26T06:26:45Z">
      <class name="com.zpi.plagiarism_detector.commons.util.TestUtilsTest">
        <test-method status="PASS" signature="callPrivateMethodWithObjectArgTest()[pri:0, instance:com.zpi.plagiarism_detector.commons.util.TestUtilsTest@5a39699c]" name="callPrivateMethodWithObjectArgTest" duration-ms="0" started-at="2014-11-26T07:26:45Z" finished-at="2014-11-26T07:26:45Z">
          <reporter-output>
          </reporter-output>
        </test-method> <!-- callPrivateMethodWithObjectArgTest -->
        <test-method status="PASS" signature="callPrivateMethodNoArgTestTest()[pri:0, instance:com.zpi.plagiarism_detector.commons.util.TestUtilsTest@5a39699c]" name="callPrivateMethodNoArgTestTest" duration-ms="0" started-at="2014-11-26T07:26:45Z" finished-at="2014-11-26T07:26:45Z">
          <reporter-output>
          </reporter-output>
        </test-method> <!-- callPrivateMethodNoArgTestTest -->
        <test-method status="PASS" signature="callPrivateMethodWithPrimitiveArgTest()[pri:0, instance:com.zpi.plagiarism_detector.commons.util.TestUtilsTest@5a39699c]" name="callPrivateMethodWithPrimitiveArgTest" duration-ms="0" started-at="2014-11-26T07:26:45Z" finished-at="2014-11-26T07:26:45Z">
          <reporter-output>
          </reporter-output>
        </test-method> <!-- callPrivateMethodWithPrimitiveArgTest -->
      </class> <!-- com.zpi.plagiarism_detector.commons.util.TestUtilsTest -->
    </test> <!-- Command line test 61560078-48eb-40f8-91d0-4eedabc0c329 -->
  </suite> <!-- com.zpi.plagiarism_detector.commons.util.TestUtilsTest -->
  <suite name="com.zpi.plagiarism_detector.commons.util.TypeUtilsTest" duration-ms="0" started-at="2014-11-26T06:26:45Z" finished-at="2014-11-26T06:26:45Z">
    <groups>
    </groups>
    <test name="Command line test f80f0594-bf85-4a93-bab3-7609e5659030" duration-ms="0" started-at="2014-11-26T06:26:45Z" finished-at="2014-11-26T06:26:45Z">
      <class name="com.zpi.plagiarism_detector.commons.util.TypeUtilsTest">
        <test-method status="PASS" signature="isPrimitiveTypeClassNullArgTest()[pri:0, instance:com.zpi.plagiarism_detector.commons.util.TypeUtilsTest@2d209079]" name="isPrimitiveTypeClassNullArgTest" duration-ms="0" started-at="2014-11-26T07:26:45Z" finished-at="2014-11-26T07:26:45Z">
          <reporter-output>
          </reporter-output>
        </test-method> <!-- isPrimitiveTypeClassNullArgTest -->
        <test-method status="PASS" signature="isPrimitiveTypeClassCorrectValuesTest()[pri:0, instance:com.zpi.plagiarism_detector.commons.util.TypeUtilsTest@2d209079]" name="isPrimitiveTypeClassCorrectValuesTest" duration-ms="0" started-at="2014-11-26T07:26:45Z" finished-at="2014-11-26T07:26:45Z">
          <reporter-output>
          </reporter-output>
        </test-method> <!-- isPrimitiveTypeClassCorrectValuesTest -->
        <test-method status="PASS" signature="obtainTypeObjectTest()[pri:0, instance:com.zpi.plagiarism_detector.commons.util.TypeUtilsTest@2d209079]" name="obtainTypeObjectTest" duration-ms="0" started-at="2014-11-26T07:26:45Z" finished-at="2014-11-26T07:26:45Z">
          <reporter-output>
          </reporter-output>
        </test-method> <!-- obtainTypeObjectTest -->
        <test-method status="PASS" signature="isPrimitiveTypeObjNullArgTest()[pri:0, instance:com.zpi.plagiarism_detector.commons.util.TypeUtilsTest@2d209079]" name="isPrimitiveTypeObjNullArgTest" duration-ms="0" started-at="2014-11-26T07:26:45Z" finished-at="2014-11-26T07:26:45Z">
          <reporter-output>
          </reporter-output>
        </test-method> <!-- isPrimitiveTypeObjNullArgTest -->
        <test-method status="PASS" signature="obtainTypeNullArgTest()[pri:0, instance:com.zpi.plagiarism_detector.commons.util.TypeUtilsTest@2d209079]" name="obtainTypeNullArgTest" duration-ms="0" started-at="2014-11-26T07:26:45Z" finished-at="2014-11-26T07:26:45Z">
          <exception class="java.lang.NullPointerException">
            <full-stacktrace>
              <![CDATA[java.lang.NullPointerException
	at com.zpi.plagiarism_detector.commons.util.TypeUtils.obtainType(TypeUtils.java:39)
	at com.zpi.plagiarism_detector.commons.util.TypeUtilsTest.obtainTypeNullArgTest(TypeUtilsTest.java:118)
	at sun.reflect.NativeMethodAccessorImpl.invoke0(Native Method)
	at sun.reflect.NativeMethodAccessorImpl.invoke(NativeMethodAccessorImpl.java:62)
	at sun.reflect.DelegatingMethodAccessorImpl.invoke(DelegatingMethodAccessorImpl.java:43)
	at java.lang.reflect.Method.invoke(Method.java:483)
	at org.testng.internal.MethodInvocationHelper.invokeMethod(MethodInvocationHelper.java:84)
	at org.testng.internal.Invoker.invokeMethod(Invoker.java:714)
	at org.testng.internal.Invoker.invokeTestMethod(Invoker.java:901)
	at org.testng.internal.Invoker.invokeTestMethods(Invoker.java:1231)
	at org.testng.internal.TestMethodWorker.invokeTestMethods(TestMethodWorker.java:127)
	at org.testng.internal.TestMethodWorker.run(TestMethodWorker.java:111)
	at org.testng.TestRunner.privateRun(TestRunner.java:767)
	at org.testng.TestRunner.run(TestRunner.java:617)
	at org.testng.SuiteRunner.runTest(SuiteRunner.java:348)
	at org.testng.SuiteRunner.runSequentially(SuiteRunner.java:343)
	at org.testng.SuiteRunner.privateRun(SuiteRunner.java:305)
	at org.testng.SuiteRunner.run(SuiteRunner.java:254)
	at org.testng.SuiteRunnerWorker.runSuite(SuiteRunnerWorker.java:52)
	at org.testng.SuiteRunnerWorker.run(SuiteRunnerWorker.java:86)
	at org.testng.TestNG.runSuitesSequentially(TestNG.java:1224)
	at org.testng.TestNG.runSuitesLocally(TestNG.java:1149)
	at org.testng.TestNG.run(TestNG.java:1057)
	at org.apache.maven.surefire.testng.TestNGExecutor.run(TestNGExecutor.java:91)
	at org.apache.maven.surefire.testng.TestNGDirectoryTestSuite.executeMulti(TestNGDirectoryTestSuite.java:204)
	at org.apache.maven.surefire.testng.TestNGDirectoryTestSuite.execute(TestNGDirectoryTestSuite.java:107)
	at org.apache.maven.surefire.testng.TestNGProvider.invoke(TestNGProvider.java:113)
	at org.apache.maven.surefire.booter.ForkedBooter.invokeProviderInSameClassLoader(ForkedBooter.java:200)
	at org.apache.maven.surefire.booter.ForkedBooter.runSuitesInProcess(ForkedBooter.java:153)
	at org.apache.maven.surefire.booter.ForkedBooter.main(ForkedBooter.java:103)
]]>
            </full-stacktrace>
          </exception> <!-- java.lang.NullPointerException -->
          <reporter-output>
          </reporter-output>
        </test-method> <!-- obtainTypeNullArgTest -->
        <test-method status="PASS" signature="isPrimitiveTypeObjectCorrectValuesTest()[pri:0, instance:com.zpi.plagiarism_detector.commons.util.TypeUtilsTest@2d209079]" name="isPrimitiveTypeObjectCorrectValuesTest" duration-ms="0" started-at="2014-11-26T07:26:45Z" finished-at="2014-11-26T07:26:45Z">
          <reporter-output>
          </reporter-output>
        </test-method> <!-- isPrimitiveTypeObjectCorrectValuesTest -->
        <test-method status="PASS" signature="obtainTypePrimitiveTest()[pri:0, instance:com.zpi.plagiarism_detector.commons.util.TypeUtilsTest@2d209079]" name="obtainTypePrimitiveTest" duration-ms="0" started-at="2014-11-26T07:26:45Z" finished-at="2014-11-26T07:26:45Z">
          <reporter-output>
          </reporter-output>
        </test-method> <!-- obtainTypePrimitiveTest -->
      </class> <!-- com.zpi.plagiarism_detector.commons.util.TypeUtilsTest -->
    </test> <!-- Command line test f80f0594-bf85-4a93-bab3-7609e5659030 -->
  </suite> <!-- com.zpi.plagiarism_detector.commons.util.TypeUtilsTest -->
</testng-results>
