<?xml version="1.0" encoding="UTF-8"?>
<!-- Generated by org.testng.reporters.JUnitXMLReporter -->
<testsuite hostname="Miki" name="Command line test 81fe2660-a698-419f-b327-c9df8343d4f8" tests="1" failures="0" timestamp="26 Nov 2014 06:27:32 GMT" time="0.016" errors="0">
  <testcase name="createDirTest_createNewSuccess" time="0.016" classname="itest.com.zpi.plagiarism_detector.server.data.FileData_CreateNewDirectorySuccessIT"/>
</testsuite> <!-- Command line test 81fe2660-a698-419f-b327-c9df8343d4f8 -->
