<?xml version="1.0" encoding="UTF-8"?>
<!-- Generated by org.testng.reporters.JUnitXMLReporter -->
<testsuite hostname="Miki" name="Command line test 015de4c3-6453-4675-8113-f0e30501ec6a" tests="1" failures="0" timestamp="26 Nov 2014 06:26:57 GMT" time="0.016" errors="0">
  <testcase name="checkForPlagiarism_nullDocumentThrowsNullPointerExceptionTest" time="0.0" classname="com.zpi.plagiarism_detector.server.detector.PlagiarismDetectorTest"/>
</testsuite> <!-- Command line test 015de4c3-6453-4675-8113-f0e30501ec6a -->
