<?xml version="1.0" encoding="UTF-8"?>
<!-- Generated by org.testng.reporters.JUnitXMLReporter -->
<testsuite hostname="Miki" name="Command line test 4e215ffa-32a3-4685-92ff-531ea859fe70" tests="3" failures="0" timestamp="26 Nov 2014 06:26:45 GMT" time="0.141" errors="0">
  <testcase name="notifyObservers_NotifyObserverTriggersUpdateWithNullParameter" time="0.016" classname="com.zpi.plagiarism_detector.commons.util.ObservableTest"/>
  <testcase name="notifyObservers_NotifyObserverTriggersUpdateWithParameter" time="0.0" classname="com.zpi.plagiarism_detector.commons.util.ObservableTest"/>
  <testcase name="notifyObservers_NotifyObserverTriggersUpdateWithoutParameter" time="0.0" classname="com.zpi.plagiarism_detector.commons.util.ObservableTest"/>
</testsuite> <!-- Command line test 4e215ffa-32a3-4685-92ff-531ea859fe70 -->
