<?xml version="1.0" encoding="UTF-8"?>
<!-- Generated by org.testng.reporters.JUnitXMLReporter -->
<testsuite hostname="Miki" name="Command line test 6f9a7eea-6dd5-4b16-bbff-6829ed013cce" tests="1" failures="0" timestamp="26 Nov 2014 06:27:32 GMT" time="0.032" errors="0">
  <testcase name="createDirTest_createNewSuccess" time="0.0" classname="itest.com.zpi.plagiarism_detector.server.data.FileData_CreateNewDirectoryAlreadyExistsExceptionIT"/>
</testsuite> <!-- Command line test 6f9a7eea-6dd5-4b16-bbff-6829ed013cce -->
