<?xml version="1.0" encoding="UTF-8"?>
<!-- Generated by org.testng.reporters.JUnitXMLReporter -->
<testsuite hostname="Miki" name="Command line test f1c372fb-b1ae-401b-9e6b-734d6421e2f4" tests="3" failures="0" timestamp="26 Nov 2014 06:26:57 GMT" time="0.185" errors="0">
  <testcase name="testAdd" time="0.015" classname="com.zpi.plagiarism_detector.server.sourcecode.SourceCodeTest"/>
  <testcase name="testAdd2" time="0.003" classname="com.zpi.plagiarism_detector.server.sourcecode.SourceCodeTest"/>
  <testcase name="testRecognizeLanguage" time="0.005" classname="com.zpi.plagiarism_detector.server.sourcecode.SourceCodeTest"/>
</testsuite> <!-- Command line test f1c372fb-b1ae-401b-9e6b-734d6421e2f4 -->
