<?xml version="1.0" encoding="UTF-8"?>
<!-- Generated by org.testng.reporters.JUnitXMLReporter -->
<testsuite hostname="Miki" name="Command line test 5bb99cff-1501-47ac-a294-34223d6adce6" tests="2" failures="0" timestamp="26 Nov 2014 06:26:57 GMT" time="1.113" errors="0">
  <testcase name="handleConnectionsException" time="0.551" classname="com.zpi.plagiarism_detector.server.core.ServerTest"/>
  <testcase name="handleConnectionsInterruptTest" time="0.031" classname="com.zpi.plagiarism_detector.server.core.ServerTest"/>
</testsuite> <!-- Command line test 5bb99cff-1501-47ac-a294-34223d6adce6 -->
