<?xml version="1.0" encoding="UTF-8"?>
<!-- Generated by org.testng.reporters.JUnitXMLReporter -->
<testsuite hostname="Miki" name="Command line test a12d1616-fa61-4c7e-80ed-0d306889ab03" tests="2" failures="0" timestamp="26 Nov 2014 06:26:57 GMT" time="0.047" errors="0">
  <testcase name="isNewFileIsNotCreatingFileTest" time="0.047" classname="com.zpi.plagiarism_detector.server.data.MonitorTest"/>
  <testcase name="testFileEquality" time="0.0" classname="com.zpi.plagiarism_detector.server.data.MonitorTest"/>
</testsuite> <!-- Command line test a12d1616-fa61-4c7e-80ed-0d306889ab03 -->
