<?xml version="1.0" encoding="UTF-8"?>
<!-- Generated by org.testng.reporters.JUnitXMLReporter -->
<testsuite hostname="Miki" name="Command line test 59914092-cd45-42d6-ae04-bc4d90c00539" tests="4" failures="0" timestamp="26 Nov 2014 06:27:37 GMT" time="0.062" errors="0">
  <testcase name="run_NoMessagesInQueueSuccessTest" time="0.0" classname="com.zpi.plagiarism_detector.client.model.io.ClientWriterTest"/>
  <testcase name="run_OneMessageInQueueSuccessTest" time="0.016" classname="com.zpi.plagiarism_detector.client.model.io.ClientWriterTest"/>
  <testcase name="writeMessage_nullMessageThrowsNullPointerException" time="0.015" classname="com.zpi.plagiarism_detector.client.model.io.ClientWriterTest"/>
  <testcase name="writeMessage_succesWithNonNullMessage" time="0.0" classname="com.zpi.plagiarism_detector.client.model.io.ClientWriterTest"/>
</testsuite> <!-- Command line test 59914092-cd45-42d6-ae04-bc4d90c00539 -->
