<?xml version="1.0" encoding="UTF-8"?>
<testsuite name="TestSuite" time="0.786" tests="32" errors="0" skipped="0" failures="0">
  <properties>
[...]
</properties>
  <testcase name="handleConnectionsException" classname="com.zpi.plagiarism_detector.server.core.ServerTest" time="0.551"/>
  <testcase name="handleConnectionsInterruptTest" classname="com.zpi.plagiarism_detector.server.core.ServerTest" time="0.031"/>
  <testcase name="isNewFileIsNotCreatingFileTest" classname="com.zpi.plagiarism_detector.server.data.MonitorTest" time="0.047"/>
  <testcase name="testFileEquality" classname="com.zpi.plagiarism_detector.server.data.MonitorTest" time="0"/>
  <testcase name="getCommonKeywordDocuments_NonEmptyKeywordSet" classname="com.zpi.plagiarism_detector.server.data.ServerDataTest" time="0"/>
  <testcase name="saveDocument_NonNullDocWithoutCodesSuccessTest" classname="com.zpi.plagiarism_detector.server.data.ServerDataTest" time="0.02"/>
  <testcase name="saveDocument_articleWithNameThatExists_AddPostfixSuccessTest" classname="com.zpi.plagiarism_detector.server.data.ServerDataTest" time="0.003"/>
  <testcase name="saveDocument_nullArgExceptionTest" classname="com.zpi.plagiarism_detector.server.data.ServerDataTest" time="0"/>
  <testcase name="saveDocument_withDocumentAndCodesSuccessTest" classname="com.zpi.plagiarism_detector.server.data.ServerDataTest" time="0.001"/>
  <testcase name="saveDocument_withNullArticleAndCodesSuccessTest" classname="com.zpi.plagiarism_detector.server.data.ServerDataTest" time="0"/>
  <testcase name="equalityTest_nullNotEqual" classname="com.zpi.plagiarism_detector.server.database.ArticleTest" time="0"/>
  <testcase name="equalityTest_objectNotEqual" classname="com.zpi.plagiarism_detector.server.database.ArticleTest" time="0"/>
  <testcase name="equalityTest_otherReferencesButEqual" classname="com.zpi.plagiarism_detector.server.database.ArticleTest" time="0"/>
  <testcase name="equalityTest_otherReferencesNotEqual" classname="com.zpi.plagiarism_detector.server.database.ArticleTest" time="0"/>
  <testcase name="equalityTest_sameReferenceEqual" classname="com.zpi.plagiarism_detector.server.database.ArticleTest" time="0"/>
  <testcase name="checkForPlagiarism_nullDocumentThrowsNullPointerExceptionTest" classname="com.zpi.plagiarism_detector.server.detector.PlagiarismDetectorTest" time="0"/>
  <testcase name="testCreateWithCorrectParams" classname="com.zpi.plagiarism_detector.server.factories.core.ServerFactoryTest" time="0.078"/>
  <testcase name="freeHandlerResourcesClientSocketIOExceptionTest" classname="com.zpi.plagiarism_detector.server.handlers.ConnectionHandlerTest" time="0"/>
  <testcase name="freeHandlerResourcesNullMessageHandlerTest" classname="com.zpi.plagiarism_detector.server.handlers.ConnectionHandlerTest" time="0"/>
  <testcase name="runClassNotFoundExceptionTest" classname="com.zpi.plagiarism_detector.server.handlers.ConnectionHandlerTest" time="0.016"/>
  <testcase name="runIOExceptionTest" classname="com.zpi.plagiarism_detector.server.handlers.ConnectionHandlerTest" time="0.015"/>
  <testcase name="runSuccessTest" classname="com.zpi.plagiarism_detector.server.handlers.ConnectionHandlerTest" time="0"/>
  <testcase name="dispatchMessage_messagePlagiarismCheckWithAllParametersReturnCorrectResultTest" classname="com.zpi.plagiarism_detector.server.handlers.MessageDispatcherTest" time="0"/>
  <testcase name="dispatchMessage_messagePlagiarismCheckWithNullMessageReturnsErrorResponseTest" classname="com.zpi.plagiarism_detector.server.handlers.MessageDispatcherTest" time="0"/>
  <testcase name="dispatchMessage_nullMessageFailureTest" classname="com.zpi.plagiarism_detector.server.handlers.MessageDispatcherTest" time="0"/>
  <testcase name="equalityTest" classname="com.zpi.plagiarism_detector.server.handlers.MessageDispatcherTest" time="0"/>
  <testcase name="tryReadMessageClassNotFoundTest" classname="com.zpi.plagiarism_detector.server.handlers.MessageHandlerTest" time="0.016"/>
  <testcase name="tryReadMessageIOExceptionTest" classname="com.zpi.plagiarism_detector.server.handlers.MessageHandlerTest" time="0"/>
  <testcase name="testRefleciton" classname="com.zpi.plagiarism_detector.server.ServerPropertiesTest" time="0"/>
  <testcase name="testAdd" classname="com.zpi.plagiarism_detector.server.sourcecode.SourceCodeTest" time="0.001"/>
  <testcase name="testAdd2" classname="com.zpi.plagiarism_detector.server.sourcecode.SourceCodeTest" time="0.004"/>
  <testcase name="testRecognizeLanguage" classname="com.zpi.plagiarism_detector.server.sourcecode.SourceCodeTest" time="0.003"/>
</testsuite>