<?xml version="1.0" encoding="UTF-8"?>
<!-- Generated by org.testng.reporters.JUnitXMLReporter -->
<testsuite hostname="Miki" name="Command line test 9edfb5ed-2bd8-4d37-95d9-f9b15175de53" tests="5" failures="0" timestamp="26 Nov 2014 06:26:57 GMT" time="0.016" errors="0">
  <testcase name="equalityTest_nullNotEqual" time="0.0" classname="com.zpi.plagiarism_detector.server.database.ArticleTest"/>
  <testcase name="equalityTest_objectNotEqual" time="0.0" classname="com.zpi.plagiarism_detector.server.database.ArticleTest"/>
  <testcase name="equalityTest_otherReferencesButEqual" time="0.0" classname="com.zpi.plagiarism_detector.server.database.ArticleTest"/>
  <testcase name="equalityTest_otherReferencesNotEqual" time="0.016" classname="com.zpi.plagiarism_detector.server.database.ArticleTest"/>
  <testcase name="equalityTest_sameReferenceEqual" time="0.0" classname="com.zpi.plagiarism_detector.server.database.ArticleTest"/>
</testsuite> <!-- Command line test 9edfb5ed-2bd8-4d37-95d9-f9b15175de53 -->
