<?xml version="1.0" encoding="UTF-8"?>
<!-- Generated by org.testng.reporters.JUnitXMLReporter -->
<testsuite hostname="Miki" name="Command line test 61560078-48eb-40f8-91d0-4eedabc0c329" tests="3" failures="0" timestamp="26 Nov 2014 06:26:45 GMT" time="0.0" errors="0">
  <testcase name="callPrivateMethodNoArgTestTest" time="0.0" classname="com.zpi.plagiarism_detector.commons.util.TestUtilsTest"/>
  <testcase name="callPrivateMethodWithObjectArgTest" time="0.0" classname="com.zpi.plagiarism_detector.commons.util.TestUtilsTest"/>
  <testcase name="callPrivateMethodWithPrimitiveArgTest" time="0.0" classname="com.zpi.plagiarism_detector.commons.util.TestUtilsTest"/>
</testsuite> <!-- Command line test 61560078-48eb-40f8-91d0-4eedabc0c329 -->
