<?xml version="1.0" encoding="UTF-8"?>
<!-- Generated by org.testng.reporters.JUnitXMLReporter -->
<testsuite hostname="Miki" name="Command line test 3d1912df-790e-4844-b436-19aa70d66a2c" tests="1" failures="0" timestamp="26 Nov 2014 06:27:37 GMT" time="0.469" errors="0">
  <testcase name="update_UpdateRegisteredObserverAndChangeStatusToUnchangedTest" time="0.032" classname="com.zpi.plagiarism_detector.client.model.core.ClientTest"/>
</testsuite> <!-- Command line test 3d1912df-790e-4844-b436-19aa70d66a2c -->
