<?xml version="1.0" encoding="UTF-8"?>
<!-- Generated by org.testng.reporters.JUnitXMLReporter -->
<testsuite hostname="Miki" name="Command line test f80f0594-bf85-4a93-bab3-7609e5659030" tests="7" failures="0" timestamp="26 Nov 2014 06:26:45 GMT" time="0.0" errors="0">
  <testcase name="isPrimitiveTypeClassCorrectValuesTest" time="0.0" classname="com.zpi.plagiarism_detector.commons.util.TypeUtilsTest"/>
  <testcase name="isPrimitiveTypeClassNullArgTest" time="0.0" classname="com.zpi.plagiarism_detector.commons.util.TypeUtilsTest"/>
  <testcase name="isPrimitiveTypeObjNullArgTest" time="0.0" classname="com.zpi.plagiarism_detector.commons.util.TypeUtilsTest"/>
  <testcase name="isPrimitiveTypeObjectCorrectValuesTest" time="0.0" classname="com.zpi.plagiarism_detector.commons.util.TypeUtilsTest"/>
  <testcase name="obtainTypeNullArgTest" time="0.0" classname="com.zpi.plagiarism_detector.commons.util.TypeUtilsTest"/>
  <testcase name="obtainTypeObjectTest" time="0.0" classname="com.zpi.plagiarism_detector.commons.util.TypeUtilsTest"/>
  <testcase name="obtainTypePrimitiveTest" time="0.0" classname="com.zpi.plagiarism_detector.commons.util.TypeUtilsTest"/>
</testsuite> <!-- Command line test f80f0594-bf85-4a93-bab3-7609e5659030 -->
