<?xml version="1.0" encoding="UTF-8"?>
<testng-results skipped="0" failed="0" total="3" passed="3">
  <reporter-output>
  </reporter-output>
  <suite name="itest.com.zpi.plagiarism_detector.server.data.FileData_CreateNewDirectoryAlreadyExistsExceptionIT" duration-ms="32" started-at="2014-11-26T06:27:32Z" finished-at="2014-11-26T06:27:32Z">
    <groups>
    </groups>
    <test name="Command line test 6f9a7eea-6dd5-4b16-bbff-6829ed013cce" duration-ms="32" started-at="2014-11-26T06:27:32Z" finished-at="2014-11-26T06:27:32Z">
      <class name="itest.com.zpi.plagiarism_detector.server.data.FileData_CreateNewDirectoryAlreadyExistsExceptionIT">
        <test-method status="PASS" signature="init()[pri:0, instance:itest.com.zpi.plagiarism_detector.server.data.FileData_CreateNewDirectoryAlreadyExistsExceptionIT@880ec60]" name="init" is-config="true" duration-ms="16" started-at="2014-11-26T07:27:32Z" finished-at="2014-11-26T07:27:32Z">
          <reporter-output>
          </reporter-output>
        </test-method> <!-- init -->
        <test-method status="PASS" signature="createDirTest_createNewSuccess()[pri:0, instance:itest.com.zpi.plagiarism_detector.server.data.FileData_CreateNewDirectoryAlreadyExistsExceptionIT@880ec60]" name="createDirTest_createNewSuccess" duration-ms="0" started-at="2014-11-26T07:27:32Z" finished-at="2014-11-26T07:27:32Z">
          <exception class="java.nio.file.FileAlreadyExistsException">
            <message>
              <![CDATA[./testPath]]>
            </message>
            <full-stacktrace>
              <![CDATA[java.nio.file.FileAlreadyExistsException: ./testPath
	at com.zpi.plagiarism_detector.server.data.FileData.createDir(FileData.java:17)
	at itest.com.zpi.plagiarism_detector.server.data.FileData_CreateNewDirectoryAlreadyExistsExceptionIT.createDirTest_createNewSuccess(FileData_CreateNewDirectoryAlreadyExistsExceptionIT.java:35)
	at sun.reflect.NativeMethodAccessorImpl.invoke0(Native Method)
	at sun.reflect.NativeMethodAccessorImpl.invoke(NativeMethodAccessorImpl.java:62)
	at sun.reflect.DelegatingMethodAccessorImpl.invoke(DelegatingMethodAccessorImpl.java:43)
	at java.lang.reflect.Method.invoke(Method.java:483)
	at org.testng.internal.MethodInvocationHelper.invokeMethod(MethodInvocationHelper.java:84)
	at org.testng.internal.Invoker.invokeMethod(Invoker.java:714)
	at org.testng.internal.Invoker.invokeTestMethod(Invoker.java:901)
	at org.testng.internal.Invoker.invokeTestMethods(Invoker.java:1231)
	at org.testng.internal.TestMethodWorker.invokeTestMethods(TestMethodWorker.java:127)
	at org.testng.internal.TestMethodWorker.run(TestMethodWorker.java:111)
	at org.testng.TestRunner.privateRun(TestRunner.java:767)
	at org.testng.TestRunner.run(TestRunner.java:617)
	at org.testng.SuiteRunner.runTest(SuiteRunner.java:348)
	at org.testng.SuiteRunner.runSequentially(SuiteRunner.java:343)
	at org.testng.SuiteRunner.privateRun(SuiteRunner.java:305)
	at org.testng.SuiteRunner.run(SuiteRunner.java:254)
	at org.testng.SuiteRunnerWorker.runSuite(SuiteRunnerWorker.java:52)
	at org.testng.SuiteRunnerWorker.run(SuiteRunnerWorker.java:86)
	at org.testng.TestNG.runSuitesSequentially(TestNG.java:1224)
	at org.testng.TestNG.runSuitesLocally(TestNG.java:1149)
	at org.testng.TestNG.run(TestNG.java:1057)
	at org.apache.maven.surefire.testng.TestNGExecutor.run(TestNGExecutor.java:91)
	at org.apache.maven.surefire.testng.TestNGDirectoryTestSuite.executeMulti(TestNGDirectoryTestSuite.java:204)
	at org.apache.maven.surefire.testng.TestNGDirectoryTestSuite.execute(TestNGDirectoryTestSuite.java:107)
	at org.apache.maven.surefire.testng.TestNGProvider.invoke(TestNGProvider.java:113)
	at org.apache.maven.surefire.booter.ForkedBooter.invokeProviderInSameClassLoader(ForkedBooter.java:200)
	at org.apache.maven.surefire.booter.ForkedBooter.runSuitesInProcess(ForkedBooter.java:153)
	at org.apache.maven.surefire.booter.ForkedBooter.main(ForkedBooter.java:103)
]]>
            </full-stacktrace>
          </exception> <!-- java.nio.file.FileAlreadyExistsException -->
          <reporter-output>
          </reporter-output>
        </test-method> <!-- createDirTest_createNewSuccess -->
        <test-method status="PASS" signature="cleanup()[pri:0, instance:itest.com.zpi.plagiarism_detector.server.data.FileData_CreateNewDirectoryAlreadyExistsExceptionIT@880ec60]" name="cleanup" is-config="true" duration-ms="0" started-at="2014-11-26T07:27:32Z" finished-at="2014-11-26T07:27:32Z">
          <reporter-output>
          </reporter-output>
        </test-method> <!-- cleanup -->
      </class> <!-- itest.com.zpi.plagiarism_detector.server.data.FileData_CreateNewDirectoryAlreadyExistsExceptionIT -->
    </test> <!-- Command line test 6f9a7eea-6dd5-4b16-bbff-6829ed013cce -->
  </suite> <!-- itest.com.zpi.plagiarism_detector.server.data.FileData_CreateNewDirectoryAlreadyExistsExceptionIT -->
  <suite name="itest.com.zpi.plagiarism_detector.server.data.FileData_CreateNewDirectorySuccessIT" duration-ms="16" started-at="2014-11-26T06:27:32Z" finished-at="2014-11-26T06:27:32Z">
    <groups>
    </groups>
    <test name="Command line test 81fe2660-a698-419f-b327-c9df8343d4f8" duration-ms="16" started-at="2014-11-26T06:27:32Z" finished-at="2014-11-26T06:27:32Z">
      <class name="itest.com.zpi.plagiarism_detector.server.data.FileData_CreateNewDirectorySuccessIT">
        <test-method status="PASS" signature="createDirTest_createNewSuccess()[pri:0, instance:itest.com.zpi.plagiarism_detector.server.data.FileData_CreateNewDirectorySuccessIT@17c68925]" name="createDirTest_createNewSuccess" duration-ms="16" started-at="2014-11-26T07:27:32Z" finished-at="2014-11-26T07:27:32Z">
          <reporter-output>
          </reporter-output>
        </test-method> <!-- createDirTest_createNewSuccess -->
        <test-method status="PASS" signature="init()[pri:0, instance:itest.com.zpi.plagiarism_detector.server.data.FileData_CreateNewDirectorySuccessIT@17c68925]" name="init" is-config="true" duration-ms="0" started-at="2014-11-26T07:27:32Z" finished-at="2014-11-26T07:27:32Z">
          <reporter-output>
          </reporter-output>
        </test-method> <!-- init -->
        <test-method status="PASS" signature="cleanup()[pri:0, instance:itest.com.zpi.plagiarism_detector.server.data.FileData_CreateNewDirectorySuccessIT@17c68925]" name="cleanup" is-config="true" duration-ms="0" started-at="2014-11-26T07:27:32Z" finished-at="2014-11-26T07:27:32Z">
          <reporter-output>
          </reporter-output>
        </test-method> <!-- cleanup -->
      </class> <!-- itest.com.zpi.plagiarism_detector.server.data.FileData_CreateNewDirectorySuccessIT -->
    </test> <!-- Command line test 81fe2660-a698-419f-b327-c9df8343d4f8 -->
  </suite> <!-- itest.com.zpi.plagiarism_detector.server.data.FileData_CreateNewDirectorySuccessIT -->
  <suite name="itest.com.zpi.plagiarism_detector.server.core.ServerIT" duration-ms="32" started-at="2014-11-26T06:27:32Z" finished-at="2014-11-26T06:27:32Z">
    <groups>
    </groups>
    <test name="Command line test 558bab4f-3248-4ce6-b828-b454c3db846a" duration-ms="32" started-at="2014-11-26T06:27:32Z" finished-at="2014-11-26T06:27:32Z">
      <class name="itest.com.zpi.plagiarism_detector.server.core.ServerIT">
        <test-method status="PASS" signature="test1()[pri:0, instance:itest.com.zpi.plagiarism_detector.server.core.ServerIT@4563e9ab]" name="test1" duration-ms="16" started-at="2014-11-26T07:27:32Z" finished-at="2014-11-26T07:27:32Z">
          <reporter-output>
          </reporter-output>
        </test-method> <!-- test1 -->
      </class> <!-- itest.com.zpi.plagiarism_detector.server.core.ServerIT -->
    </test> <!-- Command line test 558bab4f-3248-4ce6-b828-b454c3db846a -->
  </suite> <!-- itest.com.zpi.plagiarism_detector.server.core.ServerIT -->
</testng-results>
