<?xml version="1.0" encoding="UTF-8"?>
<!-- Generated by org.testng.reporters.JUnitXMLReporter -->
<testsuite hostname="Miki" name="Command line test a802ee7e-9692-4afd-a686-2acba152686d" tests="4" failures="0" timestamp="26 Nov 2014 06:26:57 GMT" time="0.0" errors="0">
  <testcase name="dispatchMessage_messagePlagiarismCheckWithAllParametersReturnCorrectResultTest" time="0.0" classname="com.zpi.plagiarism_detector.server.handlers.MessageDispatcherTest"/>
  <testcase name="dispatchMessage_messagePlagiarismCheckWithNullMessageReturnsErrorResponseTest" time="0.0" classname="com.zpi.plagiarism_detector.server.handlers.MessageDispatcherTest"/>
  <testcase name="dispatchMessage_nullMessageFailureTest" time="0.0" classname="com.zpi.plagiarism_detector.server.handlers.MessageDispatcherTest"/>
  <testcase name="equalityTest" time="0.0" classname="com.zpi.plagiarism_detector.server.handlers.MessageDispatcherTest"/>
</testsuite> <!-- Command line test a802ee7e-9692-4afd-a686-2acba152686d -->
