<?xml version="1.0" encoding="UTF-8"?>
<!-- Generated by org.testng.reporters.JUnitXMLReporter -->
<testsuite hostname="Miki" name="Command line test c6a04830-0260-40d9-8ab4-9c9be33167d5" tests="5" failures="0" timestamp="26 Nov 2014 06:26:57 GMT" time="0.047" errors="0">
  <testcase name="freeHandlerResourcesClientSocketIOExceptionTest" time="0.0" classname="com.zpi.plagiarism_detector.server.handlers.ConnectionHandlerTest"/>
  <testcase name="freeHandlerResourcesNullMessageHandlerTest" time="0.0" classname="com.zpi.plagiarism_detector.server.handlers.ConnectionHandlerTest"/>
  <testcase name="runClassNotFoundExceptionTest" time="0.016" classname="com.zpi.plagiarism_detector.server.handlers.ConnectionHandlerTest"/>
  <testcase name="runIOExceptionTest" time="0.015" classname="com.zpi.plagiarism_detector.server.handlers.ConnectionHandlerTest"/>
  <testcase name="runSuccessTest" time="0.0" classname="com.zpi.plagiarism_detector.server.handlers.ConnectionHandlerTest"/>
</testsuite> <!-- Command line test c6a04830-0260-40d9-8ab4-9c9be33167d5 -->
