<?xml version="1.0" encoding="UTF-8"?>
<!-- Generated by org.testng.reporters.JUnitXMLReporter -->
<testsuite hostname="Miki" name="Command line test c05da92f-9905-4a82-87ac-7a6f75f4b487" tests="2" failures="0" timestamp="26 Nov 2014 06:26:57 GMT" time="0.032" errors="0">
  <testcase name="tryReadMessageClassNotFoundTest" time="0.016" classname="com.zpi.plagiarism_detector.server.handlers.MessageHandlerTest"/>
  <testcase name="tryReadMessageIOExceptionTest" time="0.0" classname="com.zpi.plagiarism_detector.server.handlers.MessageHandlerTest"/>
</testsuite> <!-- Command line test c05da92f-9905-4a82-87ac-7a6f75f4b487 -->
